2023-09-12 10:58:34,214 | [ERROR   ] No exif data available.
2023-09-12 10:58:34,214 | [ERROR   ] No exif data available.
2023-09-12 10:59:41,221 | [INFO    ] Running inference on device cuda
2023-09-12 10:59:41,221 | [INFO    ] Running inference on device cuda
2023-09-12 10:59:41,858 | [INFO    ] Matching by tiles...
2023-09-12 10:59:41,858 | [INFO    ] Matching by tiles...
2023-09-12 10:59:41,859 | [INFO    ] Matching tiles by preselection tile selection
2023-09-12 10:59:41,859 | [INFO    ] Matching tiles by preselection tile selection
2023-09-12 10:59:42,757 | [INFO    ]  - Matching tile pair (0, 1)
2023-09-12 10:59:42,757 | [INFO    ]  - Matching tile pair (0, 1)
2023-09-12 10:59:43,707 | [INFO    ]  - Matching tile pair (1, 0)
2023-09-12 10:59:43,707 | [INFO    ]  - Matching tile pair (1, 0)
2023-09-12 10:59:44,530 | [INFO    ]  - Matching tile pair (1, 1)
2023-09-12 10:59:44,530 | [INFO    ]  - Matching tile pair (1, 1)
2023-09-12 10:59:45,357 | [INFO    ]  - Matching tile pair (1, 5)
2023-09-12 10:59:45,357 | [INFO    ]  - Matching tile pair (1, 5)
2023-09-12 10:59:46,185 | [INFO    ]  - Matching tile pair (1, 7)
2023-09-12 10:59:46,185 | [INFO    ]  - Matching tile pair (1, 7)
2023-09-12 10:59:47,010 | [INFO    ]  - Matching tile pair (1, 9)
2023-09-12 10:59:47,010 | [INFO    ]  - Matching tile pair (1, 9)
2023-09-12 10:59:47,831 | [INFO    ]  - Matching tile pair (2, 3)
2023-09-12 10:59:47,831 | [INFO    ]  - Matching tile pair (2, 3)
2023-09-12 10:59:48,650 | [INFO    ]  - Matching tile pair (2, 5)
2023-09-12 10:59:48,650 | [INFO    ]  - Matching tile pair (2, 5)
2023-09-12 10:59:49,469 | [INFO    ]  - Matching tile pair (2, 9)
2023-09-12 10:59:49,469 | [INFO    ]  - Matching tile pair (2, 9)
2023-09-12 10:59:50,288 | [INFO    ]  - Matching tile pair (3, 3)
2023-09-12 10:59:50,288 | [INFO    ]  - Matching tile pair (3, 3)
2023-09-12 10:59:51,109 | [INFO    ]  - Matching tile pair (3, 7)
2023-09-12 10:59:51,109 | [INFO    ]  - Matching tile pair (3, 7)
2023-09-12 10:59:51,935 | [INFO    ]  - Matching tile pair (3, 14)
2023-09-12 10:59:51,935 | [INFO    ]  - Matching tile pair (3, 14)
2023-09-12 10:59:52,759 | [INFO    ]  - Matching tile pair (4, 1)
2023-09-12 10:59:52,759 | [INFO    ]  - Matching tile pair (4, 1)
2023-09-12 10:59:53,582 | [INFO    ]  - Matching tile pair (4, 3)
2023-09-12 10:59:53,582 | [INFO    ]  - Matching tile pair (4, 3)
2023-09-12 10:59:54,486 | [INFO    ]  - Matching tile pair (4, 5)
2023-09-12 10:59:54,486 | [INFO    ]  - Matching tile pair (4, 5)
2023-09-12 10:59:55,326 | [INFO    ]  - Matching tile pair (4, 6)
2023-09-12 10:59:55,326 | [INFO    ]  - Matching tile pair (4, 6)
2023-09-12 10:59:56,188 | [INFO    ]  - Matching tile pair (5, 1)
2023-09-12 10:59:56,188 | [INFO    ]  - Matching tile pair (5, 1)
2023-09-12 10:59:57,033 | [INFO    ]  - Matching tile pair (5, 2)
2023-09-12 10:59:57,033 | [INFO    ]  - Matching tile pair (5, 2)
2023-09-12 10:59:57,871 | [INFO    ]  - Matching tile pair (5, 5)
2023-09-12 10:59:57,871 | [INFO    ]  - Matching tile pair (5, 5)
2023-09-12 10:59:58,703 | [INFO    ]  - Matching tile pair (5, 6)
2023-09-12 10:59:58,703 | [INFO    ]  - Matching tile pair (5, 6)
2023-09-12 10:59:59,535 | [INFO    ]  - Matching tile pair (6, 14)
2023-09-12 10:59:59,535 | [INFO    ]  - Matching tile pair (6, 14)
2023-09-12 11:00:00,377 | [INFO    ]  - Matching tile pair (7, 14)
2023-09-12 11:00:00,377 | [INFO    ]  - Matching tile pair (7, 14)
2023-09-12 11:00:01,219 | [INFO    ]  - Matching tile pair (8, 9)
2023-09-12 11:00:01,219 | [INFO    ]  - Matching tile pair (8, 9)
2023-09-12 11:00:02,061 | [INFO    ]  - Matching tile pair (8, 11)
2023-09-12 11:00:02,061 | [INFO    ]  - Matching tile pair (8, 11)
2023-09-12 11:00:02,903 | [INFO    ]  - Matching tile pair (8, 12)
2023-09-12 11:00:02,903 | [INFO    ]  - Matching tile pair (8, 12)
2023-09-12 11:00:03,749 | [INFO    ]  - Matching tile pair (9, 9)
2023-09-12 11:00:03,749 | [INFO    ]  - Matching tile pair (9, 9)
2023-09-12 11:00:04,609 | [INFO    ]  - Matching tile pair (9, 10)
2023-09-12 11:00:04,609 | [INFO    ]  - Matching tile pair (9, 10)
2023-09-12 11:00:05,479 | [INFO    ]  - Matching tile pair (9, 12)
2023-09-12 11:00:05,479 | [INFO    ]  - Matching tile pair (9, 12)
2023-09-12 11:00:06,350 | [INFO    ]  - Matching tile pair (9, 13)
2023-09-12 11:00:06,350 | [INFO    ]  - Matching tile pair (9, 13)
2023-09-12 11:00:07,224 | [INFO    ]  - Matching tile pair (10, 2)
2023-09-12 11:00:07,224 | [INFO    ]  - Matching tile pair (10, 2)
2023-09-12 11:00:08,087 | [INFO    ]  - Matching tile pair (10, 7)
2023-09-12 11:00:08,087 | [INFO    ]  - Matching tile pair (10, 7)
2023-09-12 11:00:08,957 | [INFO    ]  - Matching tile pair (10, 10)
2023-09-12 11:00:08,957 | [INFO    ]  - Matching tile pair (10, 10)
2023-09-12 11:00:09,832 | [INFO    ]  - Matching tile pair (10, 13)
2023-09-12 11:00:09,832 | [INFO    ]  - Matching tile pair (10, 13)
2023-09-12 11:00:10,694 | [INFO    ]  - Matching tile pair (10, 14)
2023-09-12 11:00:10,694 | [INFO    ]  - Matching tile pair (10, 14)
2023-09-12 11:00:11,560 | [INFO    ]  - Matching tile pair (11, 11)
2023-09-12 11:00:11,560 | [INFO    ]  - Matching tile pair (11, 11)
2023-09-12 11:00:12,431 | [INFO    ]  - Matching tile pair (11, 14)
2023-09-12 11:00:12,431 | [INFO    ]  - Matching tile pair (11, 14)
2023-09-12 11:00:13,322 | [INFO    ]  - Matching tile pair (11, 15)
2023-09-12 11:00:13,322 | [INFO    ]  - Matching tile pair (11, 15)
2023-09-12 11:00:14,197 | [INFO    ]  - Matching tile pair (12, 8)
2023-09-12 11:00:14,197 | [INFO    ]  - Matching tile pair (12, 8)
2023-09-12 11:00:15,058 | [INFO    ]  - Matching tile pair (12, 12)
2023-09-12 11:00:15,058 | [INFO    ]  - Matching tile pair (12, 12)
2023-09-12 11:00:15,904 | [INFO    ]  - Matching tile pair (12, 16)
2023-09-12 11:00:15,904 | [INFO    ]  - Matching tile pair (12, 16)
2023-09-12 11:00:16,760 | [INFO    ]  - Matching tile pair (13, 12)
2023-09-12 11:00:16,760 | [INFO    ]  - Matching tile pair (13, 12)
2023-09-12 11:00:17,664 | [INFO    ]  - Matching tile pair (13, 13)
2023-09-12 11:00:17,664 | [INFO    ]  - Matching tile pair (13, 13)
2023-09-12 11:00:18,595 | [INFO    ]  - Matching tile pair (13, 16)
2023-09-12 11:00:18,595 | [INFO    ]  - Matching tile pair (13, 16)
2023-09-12 11:00:19,450 | [INFO    ]  - Matching tile pair (13, 17)
2023-09-12 11:00:19,450 | [INFO    ]  - Matching tile pair (13, 17)
2023-09-12 11:00:20,318 | [INFO    ]  - Matching tile pair (14, 13)
2023-09-12 11:00:20,318 | [INFO    ]  - Matching tile pair (14, 13)
2023-09-12 11:00:21,184 | [INFO    ]  - Matching tile pair (14, 17)
2023-09-12 11:00:21,184 | [INFO    ]  - Matching tile pair (14, 17)
2023-09-12 11:00:22,057 | [INFO    ]  - Matching tile pair (15, 17)
2023-09-12 11:00:22,057 | [INFO    ]  - Matching tile pair (15, 17)
2023-09-12 11:00:22,925 | [INFO    ]  - Matching tile pair (15, 18)
2023-09-12 11:00:22,925 | [INFO    ]  - Matching tile pair (15, 18)
2023-09-12 11:00:23,799 | [INFO    ]  - Matching tile pair (17, 16)
2023-09-12 11:00:23,799 | [INFO    ]  - Matching tile pair (17, 16)
2023-09-12 11:00:24,661 | [INFO    ]  - Matching tile pair (17, 17)
2023-09-12 11:00:24,661 | [INFO    ]  - Matching tile pair (17, 17)
2023-09-12 11:00:25,510 | [INFO    ]  - Matching tile pair (18, 17)
2023-09-12 11:00:25,510 | [INFO    ]  - Matching tile pair (18, 17)
2023-09-12 11:00:26,369 | [INFO    ]  - Matching tile pair (19, 17)
2023-09-12 11:00:26,369 | [INFO    ]  - Matching tile pair (19, 17)
2023-09-12 11:00:27,199 | [INFO    ]  - Matching tile pair (19, 18)
2023-09-12 11:00:27,199 | [INFO    ]  - Matching tile pair (19, 18)
2023-09-12 11:00:28,038 | [INFO    ] Restoring full image coordinates of matches...
2023-09-12 11:00:28,038 | [INFO    ] Restoring full image coordinates of matches...
2023-09-12 11:00:28,051 | [INFO    ] Matching by tile completed.
2023-09-12 11:00:28,051 | [INFO    ] Matching by tile completed.
2023-09-12 11:00:28,052 | [INFO    ] Matching done!
2023-09-12 11:00:28,052 | [INFO    ] Matching done!
2023-09-12 11:00:28,053 | [INFO    ] Performing geometric verification...
2023-09-12 11:00:28,053 | [INFO    ] Performing geometric verification...
2023-09-12 11:00:28,850 | [INFO    ] Pydegensac found 2059 inliers (6.66%)
2023-09-12 11:00:28,850 | [INFO    ] Pydegensac found 2059 inliers (6.66%)
2023-09-12 11:00:28,851 | [INFO    ] Geometric verification done.
2023-09-12 11:00:28,851 | [INFO    ] Geometric verification done.
2023-09-12 11:00:28,852 | [INFO    ] [Timer] | [Matching] preselection=0.900, matching=45.295, geometric_verification=0.800, 
2023-09-12 11:00:28,852 | [INFO    ] [Timer] | [Matching] preselection=0.900, matching=45.295, geometric_verification=0.800, 
